[12.18 14:32:55.138] [Log] Log started.
[12.18 14:32:55.782] [Program] Sentry initialized.
[12.18 14:32:55.796] [AppCenterBootstrapper] AppCenterBootstrapper started.
[12.18 14:32:55.796] [AppCenterBootstrapper] Microsoft Windows NT 10.0.19045.0
[12.18 14:32:55.797] [AppCenterBootstrapper] .NET Framework Registry Release Key Value: 533325
[12.18 14:32:55.798] [AppCenterBootstrapper] .NET Framework 4.8 or later is installed
[12.18 14:32:55.823] [AppCenterBootstrapper] InstallConfigurationManager: Reading InstallConfigurationData...
[12.18 14:32:55.823] [AppCenterBootstrapper] InstallConfigurationManager: Reading InstallConfigurationData from payload...
[12.18 14:32:55.865] [AppCenterBootstrapper] Stamp signature not found on file 'C:\Users\User\Downloads\MobiOffice_Setup.exe'
[12.18 14:32:57.490] [AppCenterBootstrapper] InstallConfigurationManager: Storing InstallConfigurationData to global store...
[12.18 14:32:57.492] [AppCenterBootstrapper] FileInstallConfigurationDataStore: Storing configuration data...
[12.18 14:32:57.546] [AppCenterBootstrapper] FileInstallConfigurationDataStore: Configuration data stored in file: 'C:\Users\User\.mobisystems\install-configuration-data.json'.
[12.18 14:32:57.569] [AppCenterBootstrapper] ReloadingXDocumentProvider: Document path not found: c:\_MS_\MSOS_test_config.xml
[12.18 14:32:58.585] [AppCenterBootstrapper] InstallationsManager: Getting update URI for app name 'com.mobisystems.windows.appx.appcenter', version: latest...
[12.18 14:32:58.587] [AppCenterBootstrapper] InstallationsManager: Getting AppInstaller for package 'MobiSystems.MobiInstaller_bvgb55c3tfatp' from https://cfg.mobisystems.com/update/com.mobisystems.windows.appx.appcenter/package.appinstaller ...
[12.18 14:32:58.633] [AppCenterBootstrapper] [GA4Analytics] Sent event request for client: 1069593129.1734528747 and sessionId: 1734528777 in Data Stream: G-MS93CERHWX with events: installer_bootstrapper_start
[12.18 14:32:58.707] [AppCenterBootstrapper] InstallationsManager: Downloaded AppInstaller version 1.1.58852.0 for package 'MobiSystems.MobiInstaller_bvgb55c3tfatp'.
[12.18 14:32:58.715] [AppCenterBootstrapper] DependencyPackages: Starting to retrieve dependency packages from AppxManifest for the main package at URI 'https://cfg.mobisystems.com/update/com.mobisystems.windows.appx.appcenter/1.1.58852/full/MobiInstaller.Package_1.1.58852.0_x64.msix'.
[12.18 14:32:58.861] [AppCenterBootstrapper] AppxManifestReader: Bytes Range Downloaded. Offset:101842944, Length:20756
[12.18 14:32:58.899] [AppCenterBootstrapper] AppxManifestReader: Bytes Range Downloaded. Offset:101777408, Length:65536
[12.18 14:32:58.954] [AppCenterBootstrapper] AppxManifestReader: Bytes Range Downloaded. Offset:101515264, Length:65536
[12.18 14:32:58.962] [AppCenterBootstrapper] DependencyPackages: Retrieved AppxManifest dependencies for package at URI 'https://cfg.mobisystems.com/update/com.mobisystems.windows.appx.appcenter/1.1.58852/full/MobiInstaller.Package_1.1.58852.0_x64.msix':
                Name: 'Microsoft.VCLibs.140.00', MinVersion: '14.0.33519.0',
Name: 'Microsoft.VCLibs.140.00.UWPDesktop', MinVersion: '14.0.33728.0',
Name: 'Microsoft.WebView2', MinVersion: '122.0.2365.92',
Name: 'Microsoft.WindowsAppRuntime.1.5', MinVersion: '5001.70.1338.0'
[12.18 14:32:58.966] [AppCenterBootstrapper] DependencyPackages: Identified distinct dependency packages with the highest required MinVersion:
                Name: 'Microsoft.VCLibs.140.00', MinVersion: '14.0.33519.0',
Name: 'Microsoft.VCLibs.140.00.UWPDesktop', MinVersion: '14.0.33728.0',
Name: 'Microsoft.WebView2', MinVersion: '122.0.2365.92',
Name: 'Microsoft.WindowsAppRuntime.1.5', MinVersion: '5001.70.1338.0'
[12.18 14:32:58.966] [AppCenterBootstrapper] Checking installed packages for dependency with Name: 'Microsoft.VCLibs.140.00' and MinVersion: '14.0.33519.0'.
[12.18 14:32:58.981] [AppCenterBootstrapper] Installed packages for 'Microsoft.VCLibs.140.00':
Name: 'Microsoft.VCLibs.140.00', Version: 'Windows.ApplicationModel.PackageVersion', Architecture: 'X64'
Name: 'Microsoft.VCLibs.140.00', Version: 'Windows.ApplicationModel.PackageVersion', Architecture: 'X64'
Name: 'Microsoft.VCLibs.140.00', Version: 'Windows.ApplicationModel.PackageVersion', Architecture: 'X86'
[12.18 14:32:58.982] [AppCenterBootstrapper] Package 'Microsoft.VCLibs.140.00' with version 'Windows.ApplicationModel.PackageVersion' satisfies the MinVersion requirement.
[12.18 14:32:58.982] [AppCenterBootstrapper] Checking installed packages for dependency with Name: 'Microsoft.VCLibs.140.00.UWPDesktop' and MinVersion: '14.0.33728.0'.
[12.18 14:32:58.993] [AppCenterBootstrapper] Installed packages for 'Microsoft.VCLibs.140.00.UWPDesktop':
Name: 'Microsoft.VCLibs.140.00.UWPDesktop', Version: 'Windows.ApplicationModel.PackageVersion', Architecture: 'X64'
Name: 'Microsoft.VCLibs.140.00.UWPDesktop', Version: 'Windows.ApplicationModel.PackageVersion', Architecture: 'X64'
Name: 'Microsoft.VCLibs.140.00.UWPDesktop', Version: 'Windows.ApplicationModel.PackageVersion', Architecture: 'X64'
Name: 'Microsoft.VCLibs.140.00.UWPDesktop', Version: 'Windows.ApplicationModel.PackageVersion', Architecture: 'X86'
[12.18 14:32:58.993] [AppCenterBootstrapper] Package 'Microsoft.VCLibs.140.00.UWPDesktop' with version 'Windows.ApplicationModel.PackageVersion' satisfies the MinVersion requirement.
[12.18 14:32:58.993] [AppCenterBootstrapper] Checking installed packages for dependency with Name: 'Microsoft.WebView2' and MinVersion: '122.0.2365.92'.
[12.18 14:32:59.003] [AppCenterBootstrapper] No installed packages found for 'Microsoft.WebView2'.
[12.18 14:32:59.003] [AppCenterBootstrapper] DependencyPackages: Dependency package with Name: 'Microsoft.WebView2' and MinVersion: '122.0.2365.92' is either not installed or has a MinVersion lower than the minimum required one.
[12.18 14:32:59.003] [AppCenterBootstrapper] Checking installed packages for dependency with Name: 'Microsoft.WindowsAppRuntime.1.5' and MinVersion: '5001.70.1338.0'.
[12.18 14:32:59.013] [AppCenterBootstrapper] Installed packages for 'Microsoft.WindowsAppRuntime.1.5':
Name: 'Microsoft.WindowsAppRuntime.1.5', Version: 'Windows.ApplicationModel.PackageVersion', Architecture: 'X64'
Name: 'Microsoft.WindowsAppRuntime.1.5', Version: 'Windows.ApplicationModel.PackageVersion', Architecture: 'X64'
Name: 'Microsoft.WindowsAppRuntime.1.5', Version: 'Windows.ApplicationModel.PackageVersion', Architecture: 'X64'
Name: 'Microsoft.WindowsAppRuntime.1.5', Version: 'Windows.ApplicationModel.PackageVersion', Architecture: 'X86'
[12.18 14:32:59.013] [AppCenterBootstrapper] Package 'Microsoft.WindowsAppRuntime.1.5' with version 'Windows.ApplicationModel.PackageVersion' satisfies the MinVersion requirement.
[12.18 14:32:59.022] [AppCenterBootstrapper] InstallationsManager: Installing MobiSystems.MobiInstaller_bvgb55c3tfatp...
[12.18 14:33:00.668] [AppCenterBootstrapper] InstallationsManager.ProgressChanged: Product: MobiSystems.MobiInstaller_bvgb55c3tfatp, Progress: 0%, State: Queued, OperationStatus: Started
[12.18 14:33:00.674] [AppCenterBootstrapper] InstallationsManager.ProgressChanged: Product: MobiSystems.MobiInstaller_bvgb55c3tfatp, Progress: 0%, State: Processing, OperationStatus: Started
[12.18 14:33:01.845] [AppCenterBootstrapper] InstallationsManager.ProgressChanged: Product: MobiSystems.MobiInstaller_bvgb55c3tfatp, Progress: 1%, State: Processing, OperationStatus: Started
[12.18 14:33:02.520] [AppCenterBootstrapper] InstallationsManager.ProgressChanged: Product: MobiSystems.MobiInstaller_bvgb55c3tfatp, Progress: 2%, State: Processing, OperationStatus: Started
[12.18 14:33:02.642] [AppCenterBootstrapper] InstallationsManager.ProgressChanged: Product: MobiSystems.MobiInstaller_bvgb55c3tfatp, Progress: 3%, State: Processing, OperationStatus: Started
[12.18 14:33:02.665] [AppCenterBootstrapper] InstallationsManager.ProgressChanged: Product: MobiSystems.MobiInstaller_bvgb55c3tfatp, Progress: 4%, State: Processing, OperationStatus: Started
[12.18 14:33:02.873] [AppCenterBootstrapper] InstallationsManager.ProgressChanged: Product: MobiSystems.MobiInstaller_bvgb55c3tfatp, Progress: 5%, State: Processing, OperationStatus: Started
[12.18 14:33:02.947] [AppCenterBootstrapper] InstallationsManager.ProgressChanged: Product: MobiSystems.MobiInstaller_bvgb55c3tfatp, Progress: 6%, State: Processing, OperationStatus: Started
[12.18 14:33:03.050] [AppCenterBootstrapper] InstallationsManager.ProgressChanged: Product: MobiSystems.MobiInstaller_bvgb55c3tfatp, Progress: 7%, State: Processing, OperationStatus: Started
[12.18 14:33:03.165] [AppCenterBootstrapper] InstallationsManager.ProgressChanged: Product: MobiSystems.MobiInstaller_bvgb55c3tfatp, Progress: 8%, State: Processing, OperationStatus: Started
[12.18 14:33:03.234] [AppCenterBootstrapper] InstallationsManager.ProgressChanged: Product: MobiSystems.MobiInstaller_bvgb55c3tfatp, Progress: 9%, State: Processing, OperationStatus: Started
[12.18 14:33:03.322] [AppCenterBootstrapper] InstallationsManager.ProgressChanged: Product: MobiSystems.MobiInstaller_bvgb55c3tfatp, Progress: 10%, State: Processing, OperationStatus: Started
[12.18 14:33:03.404] [AppCenterBootstrapper] InstallationsManager.ProgressChanged: Product: MobiSystems.MobiInstaller_bvgb55c3tfatp, Progress: 11%, State: Processing, OperationStatus: Started
[12.18 14:33:03.464] [AppCenterBootstrapper] InstallationsManager.ProgressChanged: Product: MobiSystems.MobiInstaller_bvgb55c3tfatp, Progress: 12%, State: Processing, OperationStatus: Started
[12.18 14:33:03.599] [AppCenterBootstrapper] InstallationsManager.ProgressChanged: Product: MobiSystems.MobiInstaller_bvgb55c3tfatp, Progress: 13%, State: Processing, OperationStatus: Started
[12.18 14:33:03.632] [AppCenterBootstrapper] InstallationsManager.ProgressChanged: Product: MobiSystems.MobiInstaller_bvgb55c3tfatp, Progress: 14%, State: Processing, OperationStatus: Started
[12.18 14:33:03.980] [AppCenterBootstrapper] InstallationsManager.ProgressChanged: Product: MobiSystems.MobiInstaller_bvgb55c3tfatp, Progress: 15%, State: Processing, OperationStatus: Started
[12.18 14:33:04.080] [AppCenterBootstrapper] InstallationsManager.ProgressChanged: Product: MobiSystems.MobiInstaller_bvgb55c3tfatp, Progress: 16%, State: Processing, OperationStatus: Started
[12.18 14:33:04.106] [AppCenterBootstrapper] InstallationsManager.ProgressChanged: Product: MobiSystems.MobiInstaller_bvgb55c3tfatp, Progress: 17%, State: Processing, OperationStatus: Started
[12.18 14:33:04.168] [AppCenterBootstrapper] InstallationsManager.ProgressChanged: Product: MobiSystems.MobiInstaller_bvgb55c3tfatp, Progress: 18%, State: Processing, OperationStatus: Started
[12.18 14:33:04.229] [AppCenterBootstrapper] InstallationsManager.ProgressChanged: Product: MobiSystems.MobiInstaller_bvgb55c3tfatp, Progress: 19%, State: Processing, OperationStatus: Started
[12.18 14:33:04.290] [AppCenterBootstrapper] InstallationsManager.ProgressChanged: Product: MobiSystems.MobiInstaller_bvgb55c3tfatp, Progress: 20%, State: Processing, OperationStatus: Started
[12.18 14:33:04.354] [AppCenterBootstrapper] InstallationsManager.ProgressChanged: Product: MobiSystems.MobiInstaller_bvgb55c3tfatp, Progress: 21%, State: Processing, OperationStatus: Started
[12.18 14:33:04.409] [AppCenterBootstrapper] InstallationsManager.ProgressChanged: Product: MobiSystems.MobiInstaller_bvgb55c3tfatp, Progress: 22%, State: Processing, OperationStatus: Started
[12.18 14:33:04.471] [AppCenterBootstrapper] InstallationsManager.ProgressChanged: Product: MobiSystems.MobiInstaller_bvgb55c3tfatp, Progress: 23%, State: Processing, OperationStatus: Started
[12.18 14:33:04.519] [AppCenterBootstrapper] InstallationsManager.ProgressChanged: Product: MobiSystems.MobiInstaller_bvgb55c3tfatp, Progress: 24%, State: Processing, OperationStatus: Started
[12.18 14:33:04.582] [AppCenterBootstrapper] InstallationsManager.ProgressChanged: Product: MobiSystems.MobiInstaller_bvgb55c3tfatp, Progress: 25%, State: Processing, OperationStatus: Started
[12.18 14:33:05.267] [AppCenterBootstrapper] InstallationsManager.ProgressChanged: Product: MobiSystems.MobiInstaller_bvgb55c3tfatp, Progress: 26%, State: Processing, OperationStatus: Started
[12.18 14:33:05.357] [AppCenterBootstrapper] InstallationsManager.ProgressChanged: Product: MobiSystems.MobiInstaller_bvgb55c3tfatp, Progress: 27%, State: Processing, OperationStatus: Started
[12.18 14:33:05.467] [AppCenterBootstrapper] InstallationsManager.ProgressChanged: Product: MobiSystems.MobiInstaller_bvgb55c3tfatp, Progress: 28%, State: Processing, OperationStatus: Started
[12.18 14:33:05.524] [AppCenterBootstrapper] InstallationsManager.ProgressChanged: Product: MobiSystems.MobiInstaller_bvgb55c3tfatp, Progress: 29%, State: Processing, OperationStatus: Started
[12.18 14:33:05.619] [AppCenterBootstrapper] InstallationsManager.ProgressChanged: Product: MobiSystems.MobiInstaller_bvgb55c3tfatp, Progress: 30%, State: Processing, OperationStatus: Started
[12.18 14:33:05.683] [AppCenterBootstrapper] InstallationsManager.ProgressChanged: Product: MobiSystems.MobiInstaller_bvgb55c3tfatp, Progress: 31%, State: Processing, OperationStatus: Started
[12.18 14:33:05.740] [AppCenterBootstrapper] InstallationsManager.ProgressChanged: Product: MobiSystems.MobiInstaller_bvgb55c3tfatp, Progress: 32%, State: Processing, OperationStatus: Started
[12.18 14:33:05.783] [AppCenterBootstrapper] InstallationsManager.ProgressChanged: Product: MobiSystems.MobiInstaller_bvgb55c3tfatp, Progress: 33%, State: Processing, OperationStatus: Started
[12.18 14:33:05.849] [AppCenterBootstrapper] InstallationsManager.ProgressChanged: Product: MobiSystems.MobiInstaller_bvgb55c3tfatp, Progress: 34%, State: Processing, OperationStatus: Started
[12.18 14:33:05.900] [AppCenterBootstrapper] InstallationsManager.ProgressChanged: Product: MobiSystems.MobiInstaller_bvgb55c3tfatp, Progress: 35%, State: Processing, OperationStatus: Started
[12.18 14:33:05.944] [AppCenterBootstrapper] InstallationsManager.ProgressChanged: Product: MobiSystems.MobiInstaller_bvgb55c3tfatp, Progress: 36%, State: Processing, OperationStatus: Started
[12.18 14:33:06.000] [AppCenterBootstrapper] InstallationsManager.ProgressChanged: Product: MobiSystems.MobiInstaller_bvgb55c3tfatp, Progress: 37%, State: Processing, OperationStatus: Started
[12.18 14:33:06.974] [AppCenterBootstrapper] InstallationsManager.ProgressChanged: Product: MobiSystems.MobiInstaller_bvgb55c3tfatp, Progress: 38%, State: Processing, OperationStatus: Started
[12.18 14:33:07.013] [AppCenterBootstrapper] InstallationsManager.ProgressChanged: Product: MobiSystems.MobiInstaller_bvgb55c3tfatp, Progress: 39%, State: Processing, OperationStatus: Started
[12.18 14:33:07.086] [AppCenterBootstrapper] InstallationsManager.ProgressChanged: Product: MobiSystems.MobiInstaller_bvgb55c3tfatp, Progress: 40%, State: Processing, OperationStatus: Started
[12.18 14:33:07.146] [AppCenterBootstrapper] InstallationsManager.ProgressChanged: Product: MobiSystems.MobiInstaller_bvgb55c3tfatp, Progress: 41%, State: Processing, OperationStatus: Started
[12.18 14:33:07.187] [AppCenterBootstrapper] InstallationsManager.ProgressChanged: Product: MobiSystems.MobiInstaller_bvgb55c3tfatp, Progress: 42%, State: Processing, OperationStatus: Started
[12.18 14:33:07.244] [AppCenterBootstrapper] InstallationsManager.ProgressChanged: Product: MobiSystems.MobiInstaller_bvgb55c3tfatp, Progress: 43%, State: Processing, OperationStatus: Started
[12.18 14:33:07.281] [AppCenterBootstrapper] InstallationsManager.ProgressChanged: Product: MobiSystems.MobiInstaller_bvgb55c3tfatp, Progress: 44%, State: Processing, OperationStatus: Started
[12.18 14:33:07.320] [AppCenterBootstrapper] InstallationsManager.ProgressChanged: Product: MobiSystems.MobiInstaller_bvgb55c3tfatp, Progress: 45%, State: Processing, OperationStatus: Started
[12.18 14:33:07.358] [AppCenterBootstrapper] InstallationsManager.ProgressChanged: Product: MobiSystems.MobiInstaller_bvgb55c3tfatp, Progress: 46%, State: Processing, OperationStatus: Started
[12.18 14:33:07.397] [AppCenterBootstrapper] InstallationsManager.ProgressChanged: Product: MobiSystems.MobiInstaller_bvgb55c3tfatp, Progress: 47%, State: Processing, OperationStatus: Started
[12.18 14:33:08.143] [AppCenterBootstrapper] InstallationsManager.ProgressChanged: Product: MobiSystems.MobiInstaller_bvgb55c3tfatp, Progress: 48%, State: Processing, OperationStatus: Started
[12.18 14:33:08.265] [AppCenterBootstrapper] InstallationsManager.ProgressChanged: Product: MobiSystems.MobiInstaller_bvgb55c3tfatp, Progress: 49%, State: Processing, OperationStatus: Started
[12.18 14:33:08.384] [AppCenterBootstrapper] InstallationsManager.ProgressChanged: Product: MobiSystems.MobiInstaller_bvgb55c3tfatp, Progress: 50%, State: Processing, OperationStatus: Started
[12.18 14:33:08.476] [AppCenterBootstrapper] InstallationsManager.ProgressChanged: Product: MobiSystems.MobiInstaller_bvgb55c3tfatp, Progress: 51%, State: Processing, OperationStatus: Started
[12.18 14:33:08.534] [AppCenterBootstrapper] InstallationsManager.ProgressChanged: Product: MobiSystems.MobiInstaller_bvgb55c3tfatp, Progress: 52%, State: Processing, OperationStatus: Started
[12.18 14:33:08.585] [AppCenterBootstrapper] InstallationsManager.ProgressChanged: Product: MobiSystems.MobiInstaller_bvgb55c3tfatp, Progress: 53%, State: Processing, OperationStatus: Started
[12.18 14:33:08.629] [AppCenterBootstrapper] InstallationsManager.ProgressChanged: Product: MobiSystems.MobiInstaller_bvgb55c3tfatp, Progress: 54%, State: Processing, OperationStatus: Started
[12.18 14:33:08.708] [AppCenterBootstrapper] InstallationsManager.ProgressChanged: Product: MobiSystems.MobiInstaller_bvgb55c3tfatp, Progress: 55%, State: Processing, OperationStatus: Started
[12.18 14:33:08.761] [AppCenterBootstrapper] InstallationsManager.ProgressChanged: Product: MobiSystems.MobiInstaller_bvgb55c3tfatp, Progress: 56%, State: Processing, OperationStatus: Started
[12.18 14:33:08.820] [AppCenterBootstrapper] InstallationsManager.ProgressChanged: Product: MobiSystems.MobiInstaller_bvgb55c3tfatp, Progress: 57%, State: Processing, OperationStatus: Started
[12.18 14:33:08.864] [AppCenterBootstrapper] InstallationsManager.ProgressChanged: Product: MobiSystems.MobiInstaller_bvgb55c3tfatp, Progress: 58%, State: Processing, OperationStatus: Started
[12.18 14:33:08.959] [AppCenterBootstrapper] InstallationsManager.ProgressChanged: Product: MobiSystems.MobiInstaller_bvgb55c3tfatp, Progress: 59%, State: Processing, OperationStatus: Started
[12.18 14:33:09.040] [AppCenterBootstrapper] InstallationsManager.ProgressChanged: Product: MobiSystems.MobiInstaller_bvgb55c3tfatp, Progress: 60%, State: Processing, OperationStatus: Started
[12.18 14:33:09.107] [AppCenterBootstrapper] InstallationsManager.ProgressChanged: Product: MobiSystems.MobiInstaller_bvgb55c3tfatp, Progress: 61%, State: Processing, OperationStatus: Started
[12.18 14:33:09.139] [AppCenterBootstrapper] InstallationsManager.ProgressChanged: Product: MobiSystems.MobiInstaller_bvgb55c3tfatp, Progress: 62%, State: Processing, OperationStatus: Started
[12.18 14:33:09.181] [AppCenterBootstrapper] InstallationsManager.ProgressChanged: Product: MobiSystems.MobiInstaller_bvgb55c3tfatp, Progress: 63%, State: Processing, OperationStatus: Started
[12.18 14:33:09.226] [AppCenterBootstrapper] InstallationsManager.ProgressChanged: Product: MobiSystems.MobiInstaller_bvgb55c3tfatp, Progress: 64%, State: Processing, OperationStatus: Started
[12.18 14:33:09.258] [AppCenterBootstrapper] InstallationsManager.ProgressChanged: Product: MobiSystems.MobiInstaller_bvgb55c3tfatp, Progress: 65%, State: Processing, OperationStatus: Started
[12.18 14:33:09.289] [AppCenterBootstrapper] InstallationsManager.ProgressChanged: Product: MobiSystems.MobiInstaller_bvgb55c3tfatp, Progress: 66%, State: Processing, OperationStatus: Started
[12.18 14:33:09.580] [AppCenterBootstrapper] InstallationsManager.ProgressChanged: Product: MobiSystems.MobiInstaller_bvgb55c3tfatp, Progress: 67%, State: Processing, OperationStatus: Started
[12.18 14:33:09.627] [AppCenterBootstrapper] InstallationsManager.ProgressChanged: Product: MobiSystems.MobiInstaller_bvgb55c3tfatp, Progress: 68%, State: Processing, OperationStatus: Started
[12.18 14:33:09.671] [AppCenterBootstrapper] InstallationsManager.ProgressChanged: Product: MobiSystems.MobiInstaller_bvgb55c3tfatp, Progress: 69%, State: Processing, OperationStatus: Started
[12.18 14:33:09.830] [AppCenterBootstrapper] InstallationsManager.ProgressChanged: Product: MobiSystems.MobiInstaller_bvgb55c3tfatp, Progress: 70%, State: Processing, OperationStatus: Started
[12.18 14:33:09.964] [AppCenterBootstrapper] InstallationsManager.ProgressChanged: Product: MobiSystems.MobiInstaller_bvgb55c3tfatp, Progress: 71%, State: Processing, OperationStatus: Started
[12.18 14:33:10.030] [AppCenterBootstrapper] InstallationsManager.ProgressChanged: Product: MobiSystems.MobiInstaller_bvgb55c3tfatp, Progress: 72%, State: Processing, OperationStatus: Started
[12.18 14:33:10.117] [AppCenterBootstrapper] InstallationsManager.ProgressChanged: Product: MobiSystems.MobiInstaller_bvgb55c3tfatp, Progress: 73%, State: Processing, OperationStatus: Started
[12.18 14:33:10.141] [AppCenterBootstrapper] InstallationsManager.ProgressChanged: Product: MobiSystems.MobiInstaller_bvgb55c3tfatp, Progress: 74%, State: Processing, OperationStatus: Started
[12.18 14:33:10.265] [AppCenterBootstrapper] InstallationsManager.ProgressChanged: Product: MobiSystems.MobiInstaller_bvgb55c3tfatp, Progress: 75%, State: Processing, OperationStatus: Started
[12.18 14:33:10.317] [AppCenterBootstrapper] InstallationsManager.ProgressChanged: Product: MobiSystems.MobiInstaller_bvgb55c3tfatp, Progress: 76%, State: Processing, OperationStatus: Started
[12.18 14:33:10.453] [AppCenterBootstrapper] InstallationsManager.ProgressChanged: Product: MobiSystems.MobiInstaller_bvgb55c3tfatp, Progress: 77%, State: Processing, OperationStatus: Started
[12.18 14:33:10.486] [AppCenterBootstrapper] InstallationsManager.ProgressChanged: Product: MobiSystems.MobiInstaller_bvgb55c3tfatp, Progress: 78%, State: Processing, OperationStatus: Started
[12.18 14:33:10.549] [AppCenterBootstrapper] InstallationsManager.ProgressChanged: Product: MobiSystems.MobiInstaller_bvgb55c3tfatp, Progress: 79%, State: Processing, OperationStatus: Started
[12.18 14:33:10.584] [AppCenterBootstrapper] InstallationsManager.ProgressChanged: Product: MobiSystems.MobiInstaller_bvgb55c3tfatp, Progress: 80%, State: Processing, OperationStatus: Started
[12.18 14:33:10.632] [AppCenterBootstrapper] InstallationsManager.ProgressChanged: Product: MobiSystems.MobiInstaller_bvgb55c3tfatp, Progress: 81%, State: Processing, OperationStatus: Started
[12.18 14:33:11.093] [AppCenterBootstrapper] InstallationsManager.ProgressChanged: Product: MobiSystems.MobiInstaller_bvgb55c3tfatp, Progress: 82%, State: Processing, OperationStatus: Started
[12.18 14:33:11.559] [AppCenterBootstrapper] InstallationsManager.ProgressChanged: Product: MobiSystems.MobiInstaller_bvgb55c3tfatp, Progress: 83%, State: Processing, OperationStatus: Started
[12.18 14:33:11.698] [AppCenterBootstrapper] InstallationsManager.ProgressChanged: Product: MobiSystems.MobiInstaller_bvgb55c3tfatp, Progress: 84%, State: Processing, OperationStatus: Started
[12.18 14:33:11.838] [AppCenterBootstrapper] InstallationsManager.ProgressChanged: Product: MobiSystems.MobiInstaller_bvgb55c3tfatp, Progress: 85%, State: Processing, OperationStatus: Started
[12.18 14:33:12.006] [AppCenterBootstrapper] InstallationsManager.ProgressChanged: Product: MobiSystems.MobiInstaller_bvgb55c3tfatp, Progress: 86%, State: Processing, OperationStatus: Started
[12.18 14:33:12.199] [AppCenterBootstrapper] InstallationsManager.ProgressChanged: Product: MobiSystems.MobiInstaller_bvgb55c3tfatp, Progress: 87%, State: Processing, OperationStatus: Started
[12.18 14:33:12.249] [AppCenterBootstrapper] InstallationsManager.ProgressChanged: Product: MobiSystems.MobiInstaller_bvgb55c3tfatp, Progress: 88%, State: Processing, OperationStatus: Started
[12.18 14:33:12.275] [AppCenterBootstrapper] InstallationsManager.ProgressChanged: Product: MobiSystems.MobiInstaller_bvgb55c3tfatp, Progress: 89%, State: Processing, OperationStatus: Started
[12.18 14:33:12.285] [AppCenterBootstrapper] InstallationsManager.ProgressChanged: Product: MobiSystems.MobiInstaller_bvgb55c3tfatp, Progress: 90%, State: Processing, OperationStatus: Started
[12.18 14:33:12.297] [AppCenterBootstrapper] InstallationsManager.ProgressChanged: Product: MobiSystems.MobiInstaller_bvgb55c3tfatp, Progress: 91%, State: Processing, OperationStatus: Started
[12.18 14:33:12.309] [AppCenterBootstrapper] InstallationsManager.ProgressChanged: Product: MobiSystems.MobiInstaller_bvgb55c3tfatp, Progress: 92%, State: Processing, OperationStatus: Started
[12.18 14:33:12.320] [AppCenterBootstrapper] InstallationsManager.ProgressChanged: Product: MobiSystems.MobiInstaller_bvgb55c3tfatp, Progress: 93%, State: Processing, OperationStatus: Started
[12.18 14:33:12.333] [AppCenterBootstrapper] InstallationsManager.ProgressChanged: Product: MobiSystems.MobiInstaller_bvgb55c3tfatp, Progress: 94%, State: Processing, OperationStatus: Started
[12.18 14:33:12.352] [AppCenterBootstrapper] InstallationsManager.ProgressChanged: Product: MobiSystems.MobiInstaller_bvgb55c3tfatp, Progress: 95%, State: Processing, OperationStatus: Started
[12.18 14:33:12.369] [AppCenterBootstrapper] InstallationsManager.ProgressChanged: Product: MobiSystems.MobiInstaller_bvgb55c3tfatp, Progress: 96%, State: Processing, OperationStatus: Started
[12.18 14:33:12.385] [AppCenterBootstrapper] InstallationsManager.ProgressChanged: Product: MobiSystems.MobiInstaller_bvgb55c3tfatp, Progress: 97%, State: Processing, OperationStatus: Started
[12.18 14:33:12.399] [AppCenterBootstrapper] InstallationsManager.ProgressChanged: Product: MobiSystems.MobiInstaller_bvgb55c3tfatp, Progress: 98%, State: Processing, OperationStatus: Started
[12.18 14:33:12.429] [AppCenterBootstrapper] InstallationsManager.ProgressChanged: Product: MobiSystems.MobiInstaller_bvgb55c3tfatp, Progress: 99%, State: Processing, OperationStatus: Started
[12.18 14:33:13.442] [AppCenterBootstrapper] InstallationsManager.ProgressChanged: Product: MobiSystems.MobiInstaller_bvgb55c3tfatp, Progress: 99%, State: Processing, OperationStatus: Started
[12.18 14:33:13.678] [AppCenterBootstrapper] InstallationsManager.ProgressChanged: Product: MobiSystems.MobiInstaller_bvgb55c3tfatp, Progress: 100%, State: Processing, OperationStatus: Completed
[12.18 14:33:13.712] [AppCenterBootstrapper] InstallationsManager: Installation of MobiSystems.MobiInstaller_bvgb55c3tfatp finished.
[12.18 14:33:14.978] [ExecutableRunner] MobiInstaller launched successfully.
[12.18 14:33:15.174] [AppCenterBootstrapper] [GA4Analytics] Sent event request for client: 1069593129.1734528747 and sessionId: 1734528777 in Data Stream: G-MS93CERHWX with events: installer_bootstrapper_success
